<?xml version="1.0" encoding="UTF-8" ?>
<testsuite tests="3" failures="0" name="storepro.dao.ProductCategoryTest" time="0.208" errors="1" skipped="0">
  <properties>
[...]
</properties>
  <testcase classname="storepro.dao.ProductCategoryTest" name="testQueryShopList" time="0.057"/>
  <testcase classname="storepro.dao.ProductCategoryTest" name="deleteProductCategory" time="0.058"/>
  <testcase classname="storepro.dao.ProductCategoryTest" name="testBatchInsertProduct" time="0.093">
    <error message="
### Error updating database.  Cause: com.mysql.jdbc.exceptions.jdbc4.MySQLIntegrityConstraintViolationException: Cannot add or update a child row: a foreign key constraint fails (`storepro`.`tb_product_category`, CONSTRAINT `fk_procate_shop` FOREIGN KEY (`shop_id`) REFERENCES `tb_shop` (`shop_id`))
### The error may involve storepro.dao.ProductCategoryDao.batchInsertProductCategory-Inline
### The error occurred while setting parameters
### SQL: INSERT   INTO tb_product_category(product_category_name,priority,create_time,shop_id)        VALUES                     (               ?,               ?,               ?,                ?            )         ,            (               ?,               ?,               ?,                ?            )
### Cause: com.mysql.jdbc.exceptions.jdbc4.MySQLIntegrityConstraintViolationException: Cannot add or update a child row: a foreign key constraint fails (`storepro`.`tb_product_category`, CONSTRAINT `fk_procate_shop` FOREIGN KEY (`shop_id`) REFERENCES `tb_shop` (`shop_id`))
; SQL []; Cannot add or update a child row: a foreign key constraint fails (`storepro`.`tb_product_category`, CONSTRAINT `fk_procate_shop` FOREIGN KEY (`shop_id`) REFERENCES `tb_shop` (`shop_id`)); nested exception is com.mysql.jdbc.exceptions.jdbc4.MySQLIntegrityConstraintViolationException: Cannot add or update a child row: a foreign key constraint fails (`storepro`.`tb_product_category`, CONSTRAINT `fk_procate_shop` FOREIGN KEY (`shop_id`) REFERENCES `tb_shop` (`shop_id`))" type="org.springframework.dao.DataIntegrityViolationException">org.springframework.dao.DataIntegrityViolationException: 
### Error updating database.  Cause: com.mysql.jdbc.exceptions.jdbc4.MySQLIntegrityConstraintViolationException: Cannot add or update a child row: a foreign key constraint fails (`storepro`.`tb_product_category`, CONSTRAINT `fk_procate_shop` FOREIGN KEY (`shop_id`) REFERENCES `tb_shop` (`shop_id`))
### The error may involve storepro.dao.ProductCategoryDao.batchInsertProductCategory-Inline
### The error occurred while setting parameters
### SQL: INSERT   INTO tb_product_category(product_category_name,priority,create_time,shop_id)        VALUES                     (               ?,               ?,               ?,                ?            )         ,            (               ?,               ?,               ?,                ?            )
### Cause: com.mysql.jdbc.exceptions.jdbc4.MySQLIntegrityConstraintViolationException: Cannot add or update a child row: a foreign key constraint fails (`storepro`.`tb_product_category`, CONSTRAINT `fk_procate_shop` FOREIGN KEY (`shop_id`) REFERENCES `tb_shop` (`shop_id`))
; SQL []; Cannot add or update a child row: a foreign key constraint fails (`storepro`.`tb_product_category`, CONSTRAINT `fk_procate_shop` FOREIGN KEY (`shop_id`) REFERENCES `tb_shop` (`shop_id`)); nested exception is com.mysql.jdbc.exceptions.jdbc4.MySQLIntegrityConstraintViolationException: Cannot add or update a child row: a foreign key constraint fails (`storepro`.`tb_product_category`, CONSTRAINT `fk_procate_shop` FOREIGN KEY (`shop_id`) REFERENCES `tb_shop` (`shop_id`))
	at org.springframework.jdbc.support.SQLErrorCodeSQLExceptionTranslator.doTranslate(SQLErrorCodeSQLExceptionTranslator.java:243)
	at org.springframework.jdbc.support.AbstractFallbackSQLExceptionTranslator.translate(AbstractFallbackSQLExceptionTranslator.java:73)
	at org.mybatis.spring.MyBatisExceptionTranslator.translateExceptionIfPossible(MyBatisExceptionTranslator.java:73)
	at org.mybatis.spring.SqlSessionTemplate$SqlSessionInterceptor.invoke(SqlSessionTemplate.java:446)
	at com.sun.proxy.$Proxy18.insert(Unknown Source)
	at org.mybatis.spring.SqlSessionTemplate.insert(SqlSessionTemplate.java:278)
	at org.apache.ibatis.binding.MapperMethod.execute(MapperMethod.java:57)
	at org.apache.ibatis.binding.MapperProxy.invoke(MapperProxy.java:59)
	at com.sun.proxy.$Proxy25.batchInsertProductCategory(Unknown Source)
	at storepro.dao.ProductCategoryTest.testBatchInsertProduct(ProductCategoryTest.java:42)
	at sun.reflect.NativeMethodAccessorImpl.invoke0(Native Method)
	at sun.reflect.NativeMethodAccessorImpl.invoke(NativeMethodAccessorImpl.java:62)
	at sun.reflect.DelegatingMethodAccessorImpl.invoke(DelegatingMethodAccessorImpl.java:43)
	at java.lang.reflect.Method.invoke(Method.java:498)
	at org.junit.runners.model.FrameworkMethod$1.runReflectiveCall(FrameworkMethod.java:50)
	at org.junit.internal.runners.model.ReflectiveCallable.run(ReflectiveCallable.java:12)
	at org.junit.runners.model.FrameworkMethod.invokeExplosively(FrameworkMethod.java:47)
	at org.junit.internal.runners.statements.InvokeMethod.evaluate(InvokeMethod.java:17)
	at org.springframework.test.context.junit4.statements.RunBeforeTestMethodCallbacks.evaluate(RunBeforeTestMethodCallbacks.java:75)
	at org.springframework.test.context.junit4.statements.RunAfterTestMethodCallbacks.evaluate(RunAfterTestMethodCallbacks.java:86)
	at org.springframework.test.context.junit4.statements.SpringRepeat.evaluate(SpringRepeat.java:84)
	at org.junit.runners.ParentRunner.runLeaf(ParentRunner.java:325)
	at org.springframework.test.context.junit4.SpringJUnit4ClassRunner.runChild(SpringJUnit4ClassRunner.java:252)
	at org.springframework.test.context.junit4.SpringJUnit4ClassRunner.runChild(SpringJUnit4ClassRunner.java:94)
	at org.junit.runners.ParentRunner$3.run(ParentRunner.java:290)
	at org.junit.runners.ParentRunner$1.schedule(ParentRunner.java:71)
	at org.junit.runners.ParentRunner.runChildren(ParentRunner.java:288)
	at org.junit.runners.ParentRunner.access$000(ParentRunner.java:58)
	at org.junit.runners.ParentRunner$2.evaluate(ParentRunner.java:268)
	at org.springframework.test.context.junit4.statements.RunBeforeTestClassCallbacks.evaluate(RunBeforeTestClassCallbacks.java:61)
	at org.springframework.test.context.junit4.statements.RunAfterTestClassCallbacks.evaluate(RunAfterTestClassCallbacks.java:70)
	at org.junit.runners.ParentRunner.run(ParentRunner.java:363)
	at org.springframework.test.context.junit4.SpringJUnit4ClassRunner.run(SpringJUnit4ClassRunner.java:191)
	at org.apache.maven.surefire.junit4.JUnit4Provider.execute(JUnit4Provider.java:252)
	at org.apache.maven.surefire.junit4.JUnit4Provider.executeTestSet(JUnit4Provider.java:141)
	at org.apache.maven.surefire.junit4.JUnit4Provider.invoke(JUnit4Provider.java:112)
	at sun.reflect.NativeMethodAccessorImpl.invoke0(Native Method)
	at sun.reflect.NativeMethodAccessorImpl.invoke(NativeMethodAccessorImpl.java:62)
	at sun.reflect.DelegatingMethodAccessorImpl.invoke(DelegatingMethodAccessorImpl.java:43)
	at java.lang.reflect.Method.invoke(Method.java:498)
	at org.apache.maven.surefire.util.ReflectionUtils.invokeMethodWithArray(ReflectionUtils.java:189)
	at org.apache.maven.surefire.booter.ProviderFactory$ProviderProxy.invoke(ProviderFactory.java:165)
	at org.apache.maven.surefire.booter.ProviderFactory.invokeProvider(ProviderFactory.java:85)
	at org.apache.maven.surefire.booter.ForkedBooter.runSuitesInProcess(ForkedBooter.java:115)
	at org.apache.maven.surefire.booter.ForkedBooter.main(ForkedBooter.java:75)
Caused by: com.mysql.jdbc.exceptions.jdbc4.MySQLIntegrityConstraintViolationException: Cannot add or update a child row: a foreign key constraint fails (`storepro`.`tb_product_category`, CONSTRAINT `fk_procate_shop` FOREIGN KEY (`shop_id`) REFERENCES `tb_shop` (`shop_id`))
	at sun.reflect.NativeConstructorAccessorImpl.newInstance0(Native Method)
	at sun.reflect.NativeConstructorAccessorImpl.newInstance(NativeConstructorAccessorImpl.java:62)
	at sun.reflect.DelegatingConstructorAccessorImpl.newInstance(DelegatingConstructorAccessorImpl.java:45)
	at java.lang.reflect.Constructor.newInstance(Constructor.java:423)
	at com.mysql.jdbc.Util.handleNewInstance(Util.java:404)
	at com.mysql.jdbc.Util.getInstance(Util.java:387)
	at com.mysql.jdbc.SQLError.createSQLException(SQLError.java:934)
	at com.mysql.jdbc.MysqlIO.checkErrorPacket(MysqlIO.java:3870)
	at com.mysql.jdbc.MysqlIO.checkErrorPacket(MysqlIO.java:3806)
	at com.mysql.jdbc.MysqlIO.sendCommand(MysqlIO.java:2470)
	at com.mysql.jdbc.MysqlIO.sqlQueryDirect(MysqlIO.java:2617)
	at com.mysql.jdbc.ConnectionImpl.execSQL(ConnectionImpl.java:2550)
	at com.mysql.jdbc.PreparedStatement.executeInternal(PreparedStatement.java:1861)
	at com.mysql.jdbc.PreparedStatement.execute(PreparedStatement.java:1192)
	at com.mchange.v2.c3p0.impl.NewProxyPreparedStatement.execute(NewProxyPreparedStatement.java:989)
	at sun.reflect.NativeMethodAccessorImpl.invoke0(Native Method)
	at sun.reflect.NativeMethodAccessorImpl.invoke(NativeMethodAccessorImpl.java:62)
	at sun.reflect.DelegatingMethodAccessorImpl.invoke(DelegatingMethodAccessorImpl.java:43)
	at java.lang.reflect.Method.invoke(Method.java:498)
	at org.apache.ibatis.logging.jdbc.PreparedStatementLogger.invoke(PreparedStatementLogger.java:59)
	at com.sun.proxy.$Proxy34.execute(Unknown Source)
	at org.apache.ibatis.executor.statement.PreparedStatementHandler.update(PreparedStatementHandler.java:46)
	at org.apache.ibatis.executor.statement.RoutingStatementHandler.update(RoutingStatementHandler.java:74)
	at org.apache.ibatis.executor.SimpleExecutor.doUpdate(SimpleExecutor.java:50)
	at org.apache.ibatis.executor.BaseExecutor.update(BaseExecutor.java:117)
	at org.apache.ibatis.executor.CachingExecutor.update(CachingExecutor.java:76)
	at org.apache.ibatis.session.defaults.DefaultSqlSession.update(DefaultSqlSession.java:198)
	at org.apache.ibatis.session.defaults.DefaultSqlSession.insert(DefaultSqlSession.java:185)
	at sun.reflect.NativeMethodAccessorImpl.invoke0(Native Method)
	at sun.reflect.NativeMethodAccessorImpl.invoke(NativeMethodAccessorImpl.java:62)
	at sun.reflect.DelegatingMethodAccessorImpl.invoke(DelegatingMethodAccessorImpl.java:43)
	at java.lang.reflect.Method.invoke(Method.java:498)
	at org.mybatis.spring.SqlSessionTemplate$SqlSessionInterceptor.invoke(SqlSessionTemplate.java:433)
	... 41 more
</error>
    <system-out>2018-08-13 13:17:54.419 [main] DEBUG org.mybatis.spring.SqlSessionUtils - Creating a new SqlSession
2018-08-13 13:17:54.420 [main] DEBUG org.mybatis.spring.SqlSessionUtils - SqlSession [org.apache.ibatis.session.defaults.DefaultSqlSession@2c7b5824] was not registered for synchronization because synchronization is not active
2018-08-13 13:17:54.421 [main] DEBUG o.m.s.t.SpringManagedTransaction - JDBC Connection [com.mchange.v2.c3p0.impl.NewProxyConnection@5cbe877d] will not be managed by Spring
2018-08-13 13:17:54.422 [main] DEBUG s.d.P.batchInsertProductCategory - ==&gt;  Preparing: INSERT INTO tb_product_category(product_category_name,priority,create_time,shop_id) VALUES ( ?, ?, ?, ? ) , ( ?, ?, ?, ? ) 
2018-08-13 13:17:54.423 [main] DEBUG s.d.P.batchInsertProductCategory - ==&gt; Parameters: ������ŵ(String), 1(Integer), 2018-08-13 13:17:54.419(Timestamp), 1(Long), �̲�(String), 1(Integer), 2018-08-13 13:17:54.419(Timestamp), 1(Long)
2018-08-13 13:17:54.510 [main] DEBUG org.mybatis.spring.SqlSessionUtils - Closing non transactional SqlSession [org.apache.ibatis.session.defaults.DefaultSqlSession@2c7b5824]
</system-out>
  </testcase>
</testsuite>