<?xml version="1.0" encoding="UTF-8" ?>
<testsuite tests="4" failures="0" name="storepro.dao.ShopDaoTest" time="0.147" errors="0" skipped="2">
  <properties>
[...]
</properties>
  <testcase classname="storepro.dao.ShopDaoTest" name="testQueryShop" time="0.034"/>
  <testcase classname="storepro.dao.ShopDaoTest" name="testUpdateShop" time="0.034">
    <skipped/>
  </testcase>
  <testcase classname="storepro.dao.ShopDaoTest" name="testInsertShop" time="0.034">
    <skipped/>
  </testcase>
  <testcase classname="storepro.dao.ShopDaoTest" name="testQueryShopListAndCount" time="0.045"/>
</testsuite>